<?xml version="1.0" encoding="UTF-8"?>
<!-- Generated by org.testng.reporters.JUnitXMLReporter -->
<testsuite hostname="DESKTOP-61595QD" name="SmokeTest1" tests="2" failures="0" timestamp="17 Apr 2017 06:59:23 GMT" time="0.019" errors="0">
  <testcase name="@BeforeMethod setUp" time="0.0" classname="testcases.VerifyPageTitle">
    <failure type="java.lang.NullPointerException">
      <![CDATA[java.lang.NullPointerException
	at factory.BrowserFactory.getBrowser(BrowserFactory.java:38)
	at testcases.VerifyPageTitle.setUp(VerifyPageTitle.java:24)
	at java.util.concurrent.ThreadPoolExecutor.runWorker(ThreadPoolExecutor.java:1142)
	at java.util.concurrent.ThreadPoolExecutor$Worker.run(ThreadPoolExecutor.java:617)
	at java.lang.Thread.run(Thread.java:745)
... Removed 12 stack frames]]>
    </failure>
  </testcase> <!-- @BeforeMethod setUp -->
  <testcase name="@AfterMethod tearDown" time="0.0" classname="testcases.VerifyPageTitle">
    <skipped/>
  </testcase> <!-- @AfterMethod tearDown -->
  <testcase name="@BeforeMethod setUp" time="0.0" classname="testcases.VerifyValidLogin">
    <failure type="java.lang.NullPointerException">
      <![CDATA[java.lang.NullPointerException
	at factory.BrowserFactory.getBrowser(BrowserFactory.java:38)
	at testcases.VerifyValidLogin.setUp(VerifyValidLogin.java:38)
	at java.util.concurrent.ThreadPoolExecutor.runWorker(ThreadPoolExecutor.java:1142)
	at java.util.concurrent.ThreadPoolExecutor$Worker.run(ThreadPoolExecutor.java:617)
	at java.lang.Thread.run(Thread.java:745)
... Removed 12 stack frames]]>
    </failure>
  </testcase> <!-- @BeforeMethod setUp -->
  <testcase name="@AfterMethod tearDown" time="0.0" classname="testcases.VerifyValidLogin">
    <skipped/>
  </testcase> <!-- @AfterMethod tearDown -->
  <testcase name="testHomePage" time="0.003" classname="testcases.VerifyPageTitle">
    <skipped/>
  </testcase> <!-- testHomePage -->
  <testcase name="verifylogin" time="0.0" classname="testcases.VerifyValidLogin">
    <skipped/>
  </testcase> <!-- verifylogin -->
</testsuite> <!-- SmokeTest1 -->
