<?xml version="1.0" encoding="UTF-8"?>
<testng-results skipped="0" failed="0" total="2" passed="2">
  <reporter-output>
  </reporter-output>
  <suite name="SmokeSuite" duration-ms="34911" started-at="2017-04-17T08:54:08Z" finished-at="2017-04-17T08:54:43Z">
    <groups>
    </groups>
    <test name="SmokeTest" duration-ms="34911" started-at="2017-04-17T08:54:08Z" finished-at="2017-04-17T08:54:43Z">
      <class name="testcases.VerifyPageTitle">
        <test-method status="PASS" signature="setUp()[pri:0, instance:testcases.VerifyPageTitle@2acf57e3]" name="setUp" is-config="true" duration-ms="11752" started-at="2017-04-17T14:24:30Z" finished-at="2017-04-17T14:24:42Z">
          <reporter-output>
          </reporter-output>
        </test-method> <!-- setUp -->
        <test-method status="PASS" signature="testHomePage()[pri:0, instance:testcases.VerifyPageTitle@2acf57e3]" name="testHomePage" duration-ms="32" started-at="2017-04-17T14:24:42Z" finished-at="2017-04-17T14:24:42Z">
          <reporter-output>
          </reporter-output>
        </test-method> <!-- testHomePage -->
        <test-method status="PASS" signature="tearDown()[pri:0, instance:testcases.VerifyPageTitle@2acf57e3]" name="tearDown" is-config="true" duration-ms="453" started-at="2017-04-17T14:24:42Z" finished-at="2017-04-17T14:24:43Z">
          <reporter-output>
          </reporter-output>
        </test-method> <!-- tearDown -->
      </class> <!-- testcases.VerifyPageTitle -->
      <class name="testcases.VerifyValidLogin">
        <test-method status="PASS" signature="setUp()[pri:0, instance:testcases.VerifyValidLogin@340f438e]" name="setUp" is-config="true" duration-ms="12124" started-at="2017-04-17T14:24:08Z" finished-at="2017-04-17T14:24:20Z">
          <reporter-output>
          </reporter-output>
        </test-method> <!-- setUp -->
        <test-method status="PASS" signature="verifylogin()[pri:0, instance:testcases.VerifyValidLogin@340f438e]" name="verifylogin" duration-ms="9549" started-at="2017-04-17T14:24:20Z" finished-at="2017-04-17T14:24:29Z">
          <reporter-output>
          </reporter-output>
        </test-method> <!-- verifylogin -->
        <test-method status="PASS" signature="tearDown(org.testng.ITestResult)[pri:0, instance:testcases.VerifyValidLogin@340f438e]" name="tearDown" is-config="true" duration-ms="986" started-at="2017-04-17T14:24:29Z" finished-at="2017-04-17T14:24:30Z">
          <params>
            <param index="0">
              <value>
                <![CDATA[[TestResult name=verifylogin status=SUCCESS method=VerifyValidLogin.verifylogin()[pri:0, instance:testcases.VerifyValidLogin@340f438e] output={null}]]]>
              </value>
            </param>
          </params>
          <reporter-output>
          </reporter-output>
        </test-method> <!-- tearDown -->
      </class> <!-- testcases.VerifyValidLogin -->
    </test> <!-- SmokeTest -->
  </suite> <!-- SmokeSuite -->
</testng-results>
